2024-10-22 16:33:46,593 - MMSA [INFO] - train samples: (1284,)
2024-10-22 16:33:47,567 - MMSA [INFO] - valid samples: (229,)
2024-10-22 16:33:48,158 - MMSA [INFO] - test samples: (686,)
2024-10-24 00:55:22,815 - MMSA [INFO] - train samples: (1284,)
2024-10-24 00:55:23,114 - MMSA [INFO] - valid samples: (229,)
2024-10-24 00:55:23,376 - MMSA [INFO] - test samples: (686,)
2024-10-24 01:10:34,198 - MMSA [INFO] - train samples: (1284,)
2024-10-24 01:10:34,466 - MMSA [INFO] - valid samples: (229,)
2024-10-24 01:10:34,713 - MMSA [INFO] - test samples: (686,)
2024-10-24 01:17:29,383 - MMSA [INFO] - train samples: (1284,)
2024-10-24 01:17:29,630 - MMSA [INFO] - valid samples: (229,)
2024-10-24 01:17:29,868 - MMSA [INFO] - test samples: (686,)
2024-10-24 01:18:21,130 - MMSA [INFO] - train samples: (1284,)
2024-10-24 01:18:21,425 - MMSA [INFO] - valid samples: (229,)
2024-10-24 01:18:21,712 - MMSA [INFO] - test samples: (686,)
2024-10-24 01:19:22,895 - MMSA [INFO] - train samples: (1284,)
2024-10-24 01:19:23,192 - MMSA [INFO] - valid samples: (229,)
2024-10-24 01:19:23,497 - MMSA [INFO] - test samples: (686,)
2024-10-24 01:26:26,717 - MMSA [INFO] - train samples: (1284,)
2024-10-24 01:26:27,034 - MMSA [INFO] - valid samples: (229,)
2024-10-24 01:26:27,290 - MMSA [INFO] - test samples: (686,)
2024-10-24 01:27:37,075 - MMSA [INFO] - TRAIN-(imder) [1/1/1] >> loss: 117.6018  Acc_2: 0.9342  F1_score: 0.9340  Acc_7: 0.6028  MAE: 0.4438 
2024-10-24 01:27:46,497 - MMSA [INFO] - VAL-(imder) >>  Acc_2: 0.8102  F1_score: 0.8090  Acc_7: 0.3493  MAE: 0.9028  Loss: 0.8991 
2024-10-24 01:28:04,515 - MMSA [INFO] - TEST-(imder) >>  Acc_2: 0.8018  F1_score: 0.8002  Acc_7: 0.3950  MAE: 0.8575  Loss: 0.8557 
2024-10-24 01:28:49,140 - MMSA [INFO] - TRAIN-(imder) [1/2/1] >> loss: 110.0462  Acc_2: 0.8798  F1_score: 0.8801  Acc_7: 0.5950  MAE: 0.5014 
2024-10-24 01:28:58,686 - MMSA [INFO] - VAL-(imder) >>  Acc_2: 0.7778  F1_score: 0.7790  Acc_7: 0.3930  MAE: 0.8623  Loss: 0.7994 
2024-10-24 01:29:16,177 - MMSA [INFO] - TEST-(imder) >>  Acc_2: 0.8430  F1_score: 0.8433  Acc_7: 0.4300  MAE: 0.7348  Loss: 0.7435 
2024-10-24 01:30:02,566 - MMSA [INFO] - TRAIN-(imder) [1/3/1] >> loss: 71.9829  Acc_2: 0.9115  F1_score: 0.9110  Acc_7: 0.6706  MAE: 0.4246 
2024-10-24 01:30:12,024 - MMSA [INFO] - VAL-(imder) >>  Acc_2: 0.7870  F1_score: 0.7880  Acc_7: 0.3013  MAE: 0.9752  Loss: 0.9339 
2024-10-24 01:30:29,861 - MMSA [INFO] - TEST-(imder) >>  Acc_2: 0.8155  F1_score: 0.8116  Acc_7: 0.4082  MAE: 0.8554  Loss: 0.8584 
2024-10-24 01:31:13,064 - MMSA [INFO] - TRAIN-(imder) [2/4/1] >> loss: 50.9369  Acc_2: 0.9277  F1_score: 0.9276  Acc_7: 0.6674  MAE: 0.3788 
2024-10-24 01:31:22,862 - MMSA [INFO] - VAL-(imder) >>  Acc_2: 0.7824  F1_score: 0.7822  Acc_7: 0.4061  MAE: 0.8611  Loss: 0.8351 
2024-10-24 01:31:39,987 - MMSA [INFO] - TEST-(imder) >>  Acc_2: 0.8216  F1_score: 0.8221  Acc_7: 0.4257  MAE: 0.7772  Loss: 0.7788 
2024-10-24 01:32:22,966 - MMSA [INFO] - TRAIN-(imder) [3/5/1] >> loss: 48.8743  Acc_2: 0.9001  F1_score: 0.8996  Acc_7: 0.6597  MAE: 0.4263 
2024-10-24 01:32:31,757 - MMSA [INFO] - VAL-(imder) >>  Acc_2: 0.8287  F1_score: 0.8294  Acc_7: 0.4192  MAE: 0.7807  Loss: 0.7459 
2024-10-24 01:32:49,471 - MMSA [INFO] - TEST-(imder) >>  Acc_2: 0.7988  F1_score: 0.7981  Acc_7: 0.3965  MAE: 0.8206  Loss: 0.8180 
2024-10-24 01:33:34,404 - MMSA [INFO] - TRAIN-(imder) [1/6/1] >> loss: 38.0625  Acc_2: 0.9058  F1_score: 0.9059  Acc_7: 0.6643  MAE: 0.4030 
2024-10-24 01:33:43,262 - MMSA [INFO] - VAL-(imder) >>  Acc_2: 0.7778  F1_score: 0.7732  Acc_7: 0.3581  MAE: 0.8957  Loss: 0.9388 
2024-10-24 01:34:00,767 - MMSA [INFO] - TEST-(imder) >>  Acc_2: 0.8110  F1_score: 0.8118  Acc_7: 0.4155  MAE: 0.8272  Loss: 0.8240 
2024-10-24 01:34:46,018 - MMSA [INFO] - TRAIN-(imder) [2/7/1] >> loss: 35.3315  Acc_2: 0.9423  F1_score: 0.9419  Acc_7: 0.7017  MAE: 0.3324 
2024-10-24 01:34:55,110 - MMSA [INFO] - VAL-(imder) >>  Acc_2: 0.7824  F1_score: 0.7776  Acc_7: 0.4017  MAE: 0.8907  Loss: 0.8401 
2024-10-24 01:35:11,974 - MMSA [INFO] - TEST-(imder) >>  Acc_2: 0.7805  F1_score: 0.7817  Acc_7: 0.4140  MAE: 0.8299  Loss: 0.8223 
2024-10-24 01:35:54,641 - MMSA [INFO] - TRAIN-(imder) [3/8/1] >> loss: 35.1776  Acc_2: 0.9212  F1_score: 0.9211  Acc_7: 0.6900  MAE: 0.3666 
2024-10-24 01:36:04,222 - MMSA [INFO] - VAL-(imder) >>  Acc_2: 0.7778  F1_score: 0.7774  Acc_7: 0.3537  MAE: 0.9413  Loss: 0.9307 
2024-10-24 01:36:20,984 - MMSA [INFO] - TEST-(imder) >>  Acc_2: 0.7759  F1_score: 0.7772  Acc_7: 0.4038  MAE: 0.8656  Loss: 0.8563 
2024-10-24 01:37:04,211 - MMSA [INFO] - TRAIN-(imder) [4/9/1] >> loss: 30.3675  Acc_2: 0.9334  F1_score: 0.9331  Acc_7: 0.7048  MAE: 0.3481 
2024-10-24 01:37:13,697 - MMSA [INFO] - VAL-(imder) >>  Acc_2: 0.8472  F1_score: 0.8473  Acc_7: 0.4367  MAE: 0.7298  Loss: 0.6931 
2024-10-24 01:37:30,787 - MMSA [INFO] - TEST-(imder) >>  Acc_2: 0.8140  F1_score: 0.8127  Acc_7: 0.4227  MAE: 0.7710  Loss: 0.7748 
2024-10-24 01:38:16,469 - MMSA [INFO] - TRAIN-(imder) [1/10/1] >> loss: 29.1422  Acc_2: 0.9261  F1_score: 0.9261  Acc_7: 0.7352  MAE: 0.3400 
2024-10-24 01:38:25,887 - MMSA [INFO] - VAL-(imder) >>  Acc_2: 0.7731  F1_score: 0.7702  Acc_7: 0.3712  MAE: 0.9036  Loss: 0.8660 
2024-10-24 01:38:43,518 - MMSA [INFO] - TEST-(imder) >>  Acc_2: 0.8476  F1_score: 0.8474  Acc_7: 0.4519  MAE: 0.7285  Loss: 0.7352 
2024-10-24 01:39:27,410 - MMSA [INFO] - TRAIN-(imder) [2/11/1] >> loss: 27.2959  Acc_2: 0.9155  F1_score: 0.9150  Acc_7: 0.6799  MAE: 0.4067 
2024-10-24 01:39:36,359 - MMSA [INFO] - VAL-(imder) >>  Acc_2: 0.8333  F1_score: 0.8304  Acc_7: 0.4105  MAE: 0.7719  Loss: 0.7557 
2024-10-24 01:39:53,578 - MMSA [INFO] - TEST-(imder) >>  Acc_2: 0.7957  F1_score: 0.7969  Acc_7: 0.3907  MAE: 0.8412  Loss: 0.8390 
2024-10-24 01:40:36,260 - MMSA [INFO] - TRAIN-(imder) [3/12/1] >> loss: 30.5873  Acc_2: 0.9634  F1_score: 0.9634  Acc_7: 0.7383  MAE: 0.2788 
2024-10-24 01:40:45,997 - MMSA [INFO] - VAL-(imder) >>  Acc_2: 0.7778  F1_score: 0.7762  Acc_7: 0.4367  MAE: 0.8201  Loss: 0.8942 
2024-10-24 01:41:03,663 - MMSA [INFO] - TEST-(imder) >>  Acc_2: 0.8338  F1_score: 0.8343  Acc_7: 0.4329  MAE: 0.7581  Loss: 0.7689 
2024-10-24 01:41:48,192 - MMSA [INFO] - TRAIN-(imder) [4/13/1] >> loss: 6091.9912  Acc_2: 0.9334  F1_score: 0.9330  Acc_7: 0.7329  MAE: 0.3368 
2024-10-24 01:41:56,929 - MMSA [INFO] - VAL-(imder) >>  Acc_2: 0.7963  F1_score: 0.7948  Acc_7: 0.4410  MAE: 0.8435  Loss: 0.8185 
2024-10-24 01:42:14,890 - MMSA [INFO] - TEST-(imder) >>  Acc_2: 0.7851  F1_score: 0.7864  Acc_7: 0.4155  MAE: 0.8637  Loss: 0.8613 
2024-10-24 01:42:58,548 - MMSA [INFO] - TRAIN-(imder) [5/14/1] >> loss: 4085519.0641  Acc_2: 0.9513  F1_score: 0.9510  Acc_7: 0.7336  MAE: 0.2912 
2024-10-24 01:43:07,663 - MMSA [INFO] - VAL-(imder) >>  Acc_2: 0.8287  F1_score: 0.8260  Acc_7: 0.4148  MAE: 0.8305  Loss: 0.7719 
2024-10-24 01:43:24,675 - MMSA [INFO] - TEST-(imder) >>  Acc_2: 0.7851  F1_score: 0.7864  Acc_7: 0.3892  MAE: 0.8794  Loss: 0.8772 
2024-10-24 01:44:07,627 - MMSA [INFO] - TRAIN-(imder) [6/15/1] >> loss: 1045855751.4899  Acc_2: 0.9066  F1_score: 0.9061  Acc_7: 0.6667  MAE: 0.4084 
2024-10-24 01:44:16,493 - MMSA [INFO] - VAL-(imder) >>  Acc_2: 0.7407  F1_score: 0.7407  Acc_7: 0.3624  MAE: 0.9715  Loss: 0.9728 
2024-10-24 01:44:33,790 - MMSA [INFO] - TEST-(imder) >>  Acc_2: 0.8308  F1_score: 0.8300  Acc_7: 0.4402  MAE: 0.7578  Loss: 0.7548 
2024-10-24 01:45:17,973 - MMSA [INFO] - TRAIN-(imder) [7/16/1] >> loss: 504165381.4237  Acc_2: 0.9139  F1_score: 0.9141  Acc_7: 0.7220  MAE: 0.3609 
2024-10-24 01:45:27,332 - MMSA [INFO] - VAL-(imder) >>  Acc_2: 0.7824  F1_score: 0.7835  Acc_7: 0.3493  MAE: 0.9592  Loss: 0.9262 
2024-10-24 01:45:45,214 - MMSA [INFO] - TEST-(imder) >>  Acc_2: 0.8415  F1_score: 0.8395  Acc_7: 0.4359  MAE: 0.7537  Loss: 0.7560 
2024-10-24 01:46:29,906 - MMSA [INFO] - TRAIN-(imder) [8/17/1] >> loss: 975026252.7731  Acc_2: 0.9667  F1_score: 0.9668  Acc_7: 0.7383  MAE: 0.2970 
2024-10-24 01:46:39,480 - MMSA [INFO] - VAL-(imder) >>  Acc_2: 0.8056  F1_score: 0.8016  Acc_7: 0.3886  MAE: 0.8401  Loss: 0.8611 
2024-10-24 01:46:57,414 - MMSA [INFO] - TEST-(imder) >>  Acc_2: 0.8369  F1_score: 0.8372  Acc_7: 0.4475  MAE: 0.7841  Loss: 0.7859 
2024-10-24 01:47:41,697 - MMSA [INFO] - TRAIN-(imder) [9/18/1] >> loss: 113597205645.6624  Acc_2: 0.9147  F1_score: 0.9144  Acc_7: 0.6674  MAE: 0.3938 
2024-10-24 01:47:51,307 - MMSA [INFO] - VAL-(imder) >>  Acc_2: 0.8241  F1_score: 0.8220  Acc_7: 0.3843  MAE: 0.8327  Loss: 0.8104 
2024-10-24 01:48:08,525 - MMSA [INFO] - TEST-(imder) >>  Acc_2: 0.8049  F1_score: 0.8060  Acc_7: 0.4329  MAE: 0.8302  Loss: 0.8336 
2024-10-24 01:48:51,661 - MMSA [INFO] - TRAIN-(imder) [10/19/1] >> loss: 186782460130.1984  Acc_2: 0.9545  F1_score: 0.9543  Acc_7: 0.7282  MAE: 0.3180 
2024-10-24 01:49:00,919 - MMSA [INFO] - VAL-(imder) >>  Acc_2: 0.8704  F1_score: 0.8702  Acc_7: 0.4760  MAE: 0.7017  Loss: 0.7580 
2024-10-24 01:49:17,704 - MMSA [INFO] - TEST-(imder) >>  Acc_2: 0.8049  F1_score: 0.8060  Acc_7: 0.3965  MAE: 0.8291  Loss: 0.8234 
2024-10-24 01:50:00,937 - MMSA [INFO] - TRAIN-(imder) [11/20/1] >> loss: 5265961.5857  Acc_2: 0.9261  F1_score: 0.9258  Acc_7: 0.7298  MAE: 0.3441 
2024-10-24 01:50:09,894 - MMSA [INFO] - VAL-(imder) >>  Acc_2: 0.7778  F1_score: 0.7788  Acc_7: 0.3755  MAE: 0.9339  Loss: 0.9886 
2024-10-24 01:50:27,463 - MMSA [INFO] - TEST-(imder) >>  Acc_2: 0.8445  F1_score: 0.8443  Acc_7: 0.4461  MAE: 0.7428  Loss: 0.7408 
2024-10-24 01:51:11,600 - MMSA [INFO] - TRAIN-(imder) [12/21/1] >> loss: 3858110.2341  Acc_2: 0.9277  F1_score: 0.9273  Acc_7: 0.7235  MAE: 0.3376 
2024-10-24 01:51:21,163 - MMSA [INFO] - VAL-(imder) >>  Acc_2: 0.8241  F1_score: 0.8220  Acc_7: 0.3450  MAE: 0.7934  Loss: 0.7606 
2024-10-24 01:51:38,976 - MMSA [INFO] - TEST-(imder) >>  Acc_2: 0.8232  F1_score: 0.8236  Acc_7: 0.4548  MAE: 0.7465  Loss: 0.7428 
2024-10-24 01:52:22,134 - MMSA [INFO] - TRAIN-(imder) [13/22/1] >> loss: 256.3299  Acc_2: 0.9196  F1_score: 0.9189  Acc_7: 0.7033  MAE: 0.3582 
2024-10-24 01:52:30,829 - MMSA [INFO] - VAL-(imder) >>  Acc_2: 0.8194  F1_score: 0.8184  Acc_7: 0.4148  MAE: 0.8393  Loss: 0.7829 
2024-10-24 01:52:47,388 - MMSA [INFO] - TEST-(imder) >>  Acc_2: 0.7485  F1_score: 0.7497  Acc_7: 0.3761  MAE: 0.8865  Loss: 0.8783 
2024-10-24 01:53:29,995 - MMSA [INFO] - TRAIN-(imder) [14/23/1] >> loss: 64.0269  Acc_2: 0.9423  F1_score: 0.9421  Acc_7: 0.7002  MAE: 0.3299 
2024-10-24 01:53:38,857 - MMSA [INFO] - VAL-(imder) >>  Acc_2: 0.7917  F1_score: 0.7928  Acc_7: 0.3974  MAE: 0.8795  Loss: 0.8491 
2024-10-24 01:53:56,361 - MMSA [INFO] - TEST-(imder) >>  Acc_2: 0.8095  F1_score: 0.8086  Acc_7: 0.4373  MAE: 0.7831  Loss: 0.7771 
2024-10-24 01:54:39,730 - MMSA [INFO] - TRAIN-(imder) [15/24/1] >> loss: 34.0387  Acc_2: 0.9464  F1_score: 0.9464  Acc_7: 0.7453  MAE: 0.3067 
2024-10-24 01:54:49,230 - MMSA [INFO] - VAL-(imder) >>  Acc_2: 0.8148  F1_score: 0.8131  Acc_7: 0.4323  MAE: 0.7867  Loss: 0.7659 
2024-10-24 01:55:06,179 - MMSA [INFO] - TEST-(imder) >>  Acc_2: 0.7835  F1_score: 0.7848  Acc_7: 0.4417  MAE: 0.8073  Loss: 0.8052 
2024-10-24 01:55:50,024 - MMSA [INFO] - TRAIN-(imder) [16/25/1] >> loss: 148.4046  Acc_2: 0.9456  F1_score: 0.9454  Acc_7: 0.7484  MAE: 0.2806 
2024-10-24 01:55:59,080 - MMSA [INFO] - VAL-(imder) >>  Acc_2: 0.8611  F1_score: 0.8609  Acc_7: 0.4192  MAE: 0.7139  Loss: 0.7125 
2024-10-24 01:56:15,998 - MMSA [INFO] - TEST-(imder) >>  Acc_2: 0.7744  F1_score: 0.7757  Acc_7: 0.4082  MAE: 0.9510  Loss: 0.9425 
2024-10-24 01:57:00,293 - MMSA [INFO] - TRAIN-(imder) [17/26/1] >> loss: 1833.0165  Acc_2: 0.9253  F1_score: 0.9247  Acc_7: 0.7204  MAE: 0.3559 
2024-10-24 01:57:09,917 - MMSA [INFO] - VAL-(imder) >>  Acc_2: 0.8657  F1_score: 0.8658  Acc_7: 0.4410  MAE: 0.7048  Loss: 0.6838 
2024-10-24 01:57:27,899 - MMSA [INFO] - TEST-(imder) >>  Acc_2: 0.7942  F1_score: 0.7954  Acc_7: 0.4271  MAE: 0.8175  Loss: 0.8095 
2024-10-24 01:58:13,003 - MMSA [INFO] - TRAIN-(imder) [1/27/1] >> loss: 22.2513  Acc_2: 0.9431  F1_score: 0.9431  Acc_7: 0.7414  MAE: 0.2959 
2024-10-24 01:58:22,163 - MMSA [INFO] - VAL-(imder) >>  Acc_2: 0.7963  F1_score: 0.7974  Acc_7: 0.4323  MAE: 0.8347  Loss: 0.8645 
2024-10-24 01:58:39,127 - MMSA [INFO] - TEST-(imder) >>  Acc_2: 0.8125  F1_score: 0.8121  Acc_7: 0.4344  MAE: 0.7925  Loss: 0.7957 
2024-10-24 01:59:22,613 - MMSA [INFO] - TRAIN-(imder) [2/28/1] >> loss: 22.128  Acc_2: 0.9171  F1_score: 0.9172  Acc_7: 0.6854  MAE: 0.3983 
2024-10-24 01:59:31,455 - MMSA [INFO] - VAL-(imder) >>  Acc_2: 0.8241  F1_score: 0.8243  Acc_7: 0.3930  MAE: 0.7896  Loss: 0.8345 
2024-10-24 01:59:48,806 - MMSA [INFO] - TEST-(imder) >>  Acc_2: 0.8049  F1_score: 0.8041  Acc_7: 0.4329  MAE: 0.8154  Loss: 0.8178 
2024-10-24 02:00:31,260 - MMSA [INFO] - TRAIN-(imder) [3/29/1] >> loss: 16.9717  Acc_2: 0.9431  F1_score: 0.9429  Acc_7: 0.7407  MAE: 0.3072 
2024-10-24 02:00:40,780 - MMSA [INFO] - VAL-(imder) >>  Acc_2: 0.7870  F1_score: 0.7796  Acc_7: 0.3712  MAE: 0.8760  Loss: 0.8784 
2024-10-24 02:00:57,963 - MMSA [INFO] - TEST-(imder) >>  Acc_2: 0.8171  F1_score: 0.8177  Acc_7: 0.4329  MAE: 0.7689  Loss: 0.7733 
2024-10-24 02:01:42,272 - MMSA [INFO] - TRAIN-(imder) [4/30/1] >> loss: 20.2108  Acc_2: 0.9464  F1_score: 0.9461  Acc_7: 0.7329  MAE: 0.3111 
2024-10-24 02:01:51,820 - MMSA [INFO] - VAL-(imder) >>  Acc_2: 0.7870  F1_score: 0.7813  Acc_7: 0.3930  MAE: 0.8822  Loss: 0.8202 
2024-10-24 02:02:08,882 - MMSA [INFO] - TEST-(imder) >>  Acc_2: 0.7622  F1_score: 0.7634  Acc_7: 0.4213  MAE: 0.8858  Loss: 0.8801 
2024-10-24 02:02:52,187 - MMSA [INFO] - TRAIN-(imder) [5/31/1] >> loss: 17.6054  Acc_2: 0.9180  F1_score: 0.9171  Acc_7: 0.6994  MAE: 0.3654 
2024-10-24 02:03:01,395 - MMSA [INFO] - VAL-(imder) >>  Acc_2: 0.8287  F1_score: 0.8273  Acc_7: 0.4017  MAE: 0.8661  Loss: 0.7965 
2024-10-24 02:03:18,378 - MMSA [INFO] - TEST-(imder) >>  Acc_2: 0.7896  F1_score: 0.7909  Acc_7: 0.4271  MAE: 0.8543  Loss: 0.8512 
2024-10-24 02:04:01,657 - MMSA [INFO] - TRAIN-(imder) [6/32/1] >> loss: 19.8481  Acc_2: 0.9204  F1_score: 0.9204  Acc_7: 0.6978  MAE: 0.3565 
2024-10-24 02:04:10,673 - MMSA [INFO] - VAL-(imder) >>  Acc_2: 0.8565  F1_score: 0.8564  Acc_7: 0.4585  MAE: 0.7295  Loss: 0.7268 
2024-10-24 02:04:29,281 - MMSA [INFO] - TEST-(imder) >>  Acc_2: 0.8506  F1_score: 0.8504  Acc_7: 0.4606  MAE: 0.7202  Loss: 0.7221 
2024-10-24 02:05:14,799 - MMSA [INFO] - TRAIN-(imder) [7/33/1] >> loss: 16.2084  Acc_2: 0.9529  F1_score: 0.9529  Acc_7: 0.7578  MAE: 0.2822 
2024-10-24 02:05:24,283 - MMSA [INFO] - VAL-(imder) >>  Acc_2: 0.8009  F1_score: 0.8018  Acc_7: 0.4148  MAE: 0.8137  Loss: 0.7940 
2024-10-24 02:05:41,587 - MMSA [INFO] - TEST-(imder) >>  Acc_2: 0.8049  F1_score: 0.8042  Acc_7: 0.4242  MAE: 0.8003  Loss: 0.7950 
2024-10-24 02:06:25,327 - MMSA [INFO] - TRAIN-(imder) [8/34/1] >> loss: 16.3291  Acc_2: 0.9269  F1_score: 0.9270  Acc_7: 0.7204  MAE: 0.3331 
2024-10-24 02:06:34,809 - MMSA [INFO] - VAL-(imder) >>  Acc_2: 0.8056  F1_score: 0.8010  Acc_7: 0.3886  MAE: 0.9254  Loss: 0.9286 
2024-10-24 02:06:52,632 - MMSA [INFO] - TEST-(imder) >>  Acc_2: 0.7896  F1_score: 0.7909  Acc_7: 0.4067  MAE: 0.8674  Loss: 0.8721 
2024-10-24 02:07:36,839 - MMSA [INFO] - TRAIN-(imder) [9/35/1] >> loss: 13.8629  Acc_2: 0.9504  F1_score: 0.9503  Acc_7: 0.7632  MAE: 0.2513 
2024-10-24 02:07:46,797 - MMSA [INFO] - VAL-(imder) >>  Acc_2: 0.7824  F1_score: 0.7776  Acc_7: 0.4192  MAE: 0.8370  Loss: 0.8258 
2024-10-24 02:08:03,931 - MMSA [INFO] - TEST-(imder) >>  Acc_2: 0.8110  F1_score: 0.8119  Acc_7: 0.4329  MAE: 0.7692  Loss: 0.7670 
2024-10-24 02:08:47,619 - MMSA [INFO] - TRAIN-(imder) [10/36/1] >> loss: 16.167  Acc_2: 0.9708  F1_score: 0.9708  Acc_7: 0.7734  MAE: 0.2267 
2024-10-24 02:08:56,749 - MMSA [INFO] - VAL-(imder) >>  Acc_2: 0.7454  F1_score: 0.7337  Acc_7: 0.3362  MAE: 0.9446  Loss: 0.9036 
2024-10-24 02:09:14,260 - MMSA [INFO] - TEST-(imder) >>  Acc_2: 0.7957  F1_score: 0.7970  Acc_7: 0.4038  MAE: 0.8264  Loss: 0.8218 
2024-10-24 02:09:57,201 - MMSA [INFO] - TRAIN-(imder) [11/37/1] >> loss: 18.7432  Acc_2: 0.9106  F1_score: 0.9096  Acc_7: 0.6776  MAE: 0.3872 
2024-10-24 02:10:06,011 - MMSA [INFO] - VAL-(imder) >>  Acc_2: 0.8287  F1_score: 0.8265  Acc_7: 0.4367  MAE: 0.7872  Loss: 0.7196 
2024-10-24 02:10:23,085 - MMSA [INFO] - TEST-(imder) >>  Acc_2: 0.8262  F1_score: 0.8268  Acc_7: 0.4606  MAE: 0.7430  Loss: 0.7484 
2024-10-24 02:11:05,646 - MMSA [INFO] - TRAIN-(imder) [12/38/1] >> loss: 12.7928  Acc_2: 0.9431  F1_score: 0.9428  Acc_7: 0.7422  MAE: 0.2903 
2024-10-24 02:11:15,480 - MMSA [INFO] - VAL-(imder) >>  Acc_2: 0.8611  F1_score: 0.8609  Acc_7: 0.4498  MAE: 0.7378  Loss: 0.7848 
2024-10-24 02:11:32,131 - MMSA [INFO] - TEST-(imder) >>  Acc_2: 0.8095  F1_score: 0.8106  Acc_7: 0.4155  MAE: 0.8013  Loss: 0.7989 
2024-10-24 02:12:15,226 - MMSA [INFO] - TRAIN-(imder) [13/39/1] >> loss: 12.0456  Acc_2: 0.9399  F1_score: 0.9395  Acc_7: 0.7336  MAE: 0.3044 
2024-10-24 02:12:24,567 - MMSA [INFO] - VAL-(imder) >>  Acc_2: 0.8519  F1_score: 0.8516  Acc_7: 0.4323  MAE: 0.7263  Loss: 0.6933 
2024-10-24 02:12:42,179 - MMSA [INFO] - TEST-(imder) >>  Acc_2: 0.8308  F1_score: 0.8302  Acc_7: 0.4490  MAE: 0.7460  Loss: 0.7512 
2024-10-24 02:13:25,916 - MMSA [INFO] - TRAIN-(imder) [14/40/1] >> loss: 14.4356  Acc_2: 0.9261  F1_score: 0.9258  Acc_7: 0.7064  MAE: 0.3318 
2024-10-24 02:13:35,426 - MMSA [INFO] - VAL-(imder) >>  Acc_2: 0.8056  F1_score: 0.8066  Acc_7: 0.4148  MAE: 0.9047  Loss: 0.8596 
2024-10-24 02:13:52,986 - MMSA [INFO] - TEST-(imder) >>  Acc_2: 0.8262  F1_score: 0.8247  Acc_7: 0.4417  MAE: 0.8045  Loss: 0.8044 
2024-10-24 02:14:35,065 - MMSA [INFO] - TRAIN-(imder) [15/41/1] >> loss: 13.9052  Acc_2: 0.9188  F1_score: 0.9182  Acc_7: 0.6807  MAE: 0.4105 
2024-10-24 02:14:44,898 - MMSA [INFO] - VAL-(imder) >>  Acc_2: 0.7593  F1_score: 0.7598  Acc_7: 0.3624  MAE: 0.9535  Loss: 0.9357 
2024-10-24 02:15:01,973 - MMSA [INFO] - TEST-(imder) >>  Acc_2: 0.8171  F1_score: 0.8159  Acc_7: 0.4213  MAE: 0.7827  Loss: 0.7785 
2024-10-24 02:15:44,660 - MMSA [INFO] - TRAIN-(imder) [16/42/1] >> loss: 13.3437  Acc_2: 0.9415  F1_score: 0.9415  Acc_7: 0.7352  MAE: 0.2990 
2024-10-24 02:15:54,288 - MMSA [INFO] - VAL-(imder) >>  Acc_2: 0.7917  F1_score: 0.7912  Acc_7: 0.4105  MAE: 0.8075  Loss: 0.7447 
2024-10-24 02:16:11,987 - MMSA [INFO] - TEST-(imder) >>  Acc_2: 0.8034  F1_score: 0.8039  Acc_7: 0.4329  MAE: 0.8090  Loss: 0.8057 
2024-10-24 02:16:54,284 - MMSA [INFO] - TRAIN-(imder) [17/43/1] >> loss: 11.4768  Acc_2: 0.9318  F1_score: 0.9316  Acc_7: 0.7336  MAE: 0.3258 
2024-10-24 02:17:03,474 - MMSA [INFO] - VAL-(imder) >>  Acc_2: 0.8009  F1_score: 0.7965  Acc_7: 0.3930  MAE: 0.8363  Loss: 0.8564 
2024-10-24 02:17:20,357 - MMSA [INFO] - TEST-(imder) >>  Acc_2: 0.7683  F1_score: 0.7696  Acc_7: 0.4140  MAE: 0.8675  Loss: 0.8593 
